28-Oct-2023 18:48:11.190 INFO [http-nio-8070-exec-9] org.apache.catalina.core.ApplicationContext.log HTMLManager: init: Associated with Deployer 'Catalina:type=Deployer,host=localhost'
28-Oct-2023 18:48:11.190 INFO [http-nio-8070-exec-9] org.apache.catalina.core.ApplicationContext.log HTMLManager: init: Global resources are available
28-Oct-2023 18:48:11.219 INFO [http-nio-8070-exec-9] org.apache.catalina.core.ApplicationContext.log HTMLManager: list: Listing contexts for virtual host 'localhost'
28-Oct-2023 19:29:33.768 INFO [http-nio-8070-exec-1] org.apache.catalina.core.ApplicationContext.log HTMLManager: init: Associated with Deployer 'Catalina:type=Deployer,host=localhost'
28-Oct-2023 19:29:33.769 INFO [http-nio-8070-exec-1] org.apache.catalina.core.ApplicationContext.log HTMLManager: init: Global resources are available
28-Oct-2023 19:29:33.786 INFO [http-nio-8070-exec-1] org.apache.catalina.core.ApplicationContext.log HTMLManager: list: Listing contexts for virtual host 'localhost'
28-Oct-2023 19:29:54.432 INFO [http-nio-8070-exec-4] org.apache.catalina.core.ApplicationContext.log HTMLManager: list: Listing contexts for virtual host 'localhost'
28-Oct-2023 20:15:19.722 INFO [http-nio-8070-exec-1] org.apache.catalina.core.ApplicationContext.log HTMLManager: init: Associated with Deployer 'Catalina:type=Deployer,host=localhost'
28-Oct-2023 20:15:19.722 INFO [http-nio-8070-exec-1] org.apache.catalina.core.ApplicationContext.log HTMLManager: init: Global resources are available
28-Oct-2023 20:15:35.582 INFO [http-nio-8070-exec-1] org.apache.catalina.core.ApplicationContext.log HTMLManager: list: Listing contexts for virtual host 'localhost'
28-Oct-2023 20:15:39.739 INFO [http-nio-8070-exec-5] org.apache.catalina.core.ApplicationContext.log HTMLManager: stop: Stopping web application '/demo-0.0.1-SNAPSHOT'
28-Oct-2023 20:15:39.784 INFO [http-nio-8070-exec-5] org.apache.catalina.core.ApplicationContext.log HTMLManager: list: Listing contexts for virtual host 'localhost'
28-Oct-2023 20:15:43.922 INFO [http-nio-8070-exec-10] org.apache.catalina.core.ApplicationContext.log HTMLManager: undeploy: Undeploying web application at '/demo-0.0.1-SNAPSHOT'
28-Oct-2023 20:15:44.537 INFO [http-nio-8070-exec-10] org.apache.catalina.core.ApplicationContext.log HTMLManager: list: Listing contexts for virtual host 'localhost'
28-Oct-2023 20:16:19.982 INFO [http-nio-8070-exec-3] org.apache.catalina.core.ApplicationContext.log HTMLManager: list: Listing contexts for virtual host 'localhost'
28-Oct-2023 20:29:35.050 INFO [http-nio-8070-exec-16] org.apache.catalina.core.ApplicationContext.log HTMLManager: list: Listing contexts for virtual host 'localhost'
28-Oct-2023 20:36:49.632 INFO [http-nio-8070-exec-14] org.apache.catalina.core.ApplicationContext.log HTMLManager: stop: Stopping web application '/demo_2'
28-Oct-2023 20:36:49.675 INFO [http-nio-8070-exec-14] org.apache.catalina.core.ApplicationContext.log HTMLManager: list: Listing contexts for virtual host 'localhost'
28-Oct-2023 20:36:52.236 INFO [http-nio-8070-exec-16] org.apache.catalina.core.ApplicationContext.log HTMLManager: undeploy: Undeploying web application at '/demo_2'
28-Oct-2023 20:36:52.842 INFO [http-nio-8070-exec-16] org.apache.catalina.core.ApplicationContext.log HTMLManager: list: Listing contexts for virtual host 'localhost'
28-Oct-2023 20:37:14.122 INFO [http-nio-8070-exec-20] org.apache.catalina.core.ApplicationContext.log HTMLManager: list: Listing contexts for virtual host 'localhost'
28-Oct-2023 20:40:53.842 INFO [http-nio-8070-exec-25] org.apache.catalina.core.ApplicationContext.log HTMLManager: list: Listing contexts for virtual host 'localhost'
28-Oct-2023 20:41:09.335 INFO [http-nio-8070-exec-28] org.apache.catalina.core.ApplicationContext.log HTMLManager: list: Listing contexts for virtual host 'localhost'
28-Oct-2023 20:41:36.467 INFO [http-nio-8070-exec-25] org.apache.catalina.core.ApplicationContext.log HTMLManager: stop: Stopping web application '/demo_2'
28-Oct-2023 20:42:01.252 INFO [http-nio-8070-exec-22] org.apache.catalina.core.ApplicationContext.log HTMLManager: list: Listing contexts for virtual host 'localhost'
28-Oct-2023 20:42:04.500 INFO [http-nio-8070-exec-27] org.apache.catalina.core.ApplicationContext.log HTMLManager: undeploy: Undeploying web application at '/demo_2'
28-Oct-2023 20:42:20.706 INFO [http-nio-8070-exec-24] org.apache.catalina.core.ApplicationContext.log HTMLManager: list: Listing contexts for virtual host 'localhost'
28-Oct-2023 20:42:23.253 INFO [http-nio-8070-exec-28] org.apache.catalina.core.ApplicationContext.log HTMLManager: undeploy: Undeploying web application at '/demo_2'
28-Oct-2023 20:42:23.254 INFO [http-nio-8070-exec-28] org.apache.catalina.core.ApplicationContext.log HTMLManager: list: Listing contexts for virtual host 'localhost'
28-Oct-2023 20:42:42.670 INFO [http-nio-8070-exec-29] org.apache.catalina.core.ApplicationContext.log HTMLManager: undeploy: Undeploying web application at '/demo_2'
28-Oct-2023 20:42:42.671 INFO [http-nio-8070-exec-29] org.apache.catalina.core.ApplicationContext.log HTMLManager: list: Listing contexts for virtual host 'localhost'
28-Oct-2023 20:43:03.551 INFO [http-nio-8070-exec-28] org.apache.catalina.core.ApplicationContext.log HTMLManager: list: Listing contexts for virtual host 'localhost'
28-Oct-2023 20:43:08.275 INFO [http-nio-8070-exec-26] org.apache.catalina.core.ApplicationContext.log HTMLManager: undeploy: Undeploying web application at '/demo_2'
28-Oct-2023 20:43:08.275 INFO [http-nio-8070-exec-26] org.apache.catalina.core.ApplicationContext.log HTMLManager: list: Listing contexts for virtual host 'localhost'
28-Oct-2023 20:43:14.883 INFO [http-nio-8070-exec-28] org.apache.catalina.core.ApplicationContext.log HTMLManager: start: Starting web application '/demo_2'
28-Oct-2023 20:43:41.531 INFO [http-nio-8070-exec-22] org.apache.catalina.core.ApplicationContext.log HTMLManager: undeploy: Undeploying web application at '/demo_2'
28-Oct-2023 20:43:41.531 INFO [http-nio-8070-exec-22] org.apache.catalina.core.ApplicationContext.log HTMLManager: list: Listing contexts for virtual host 'localhost'
28-Oct-2023 20:44:26.348 INFO [http-nio-8070-exec-1] org.apache.catalina.core.ApplicationContext.log HTMLManager: init: Associated with Deployer 'Catalina:type=Deployer,host=localhost'
28-Oct-2023 20:44:26.349 INFO [http-nio-8070-exec-1] org.apache.catalina.core.ApplicationContext.log HTMLManager: init: Global resources are available
28-Oct-2023 20:44:34.665 INFO [http-nio-8070-exec-3] org.apache.catalina.core.ApplicationContext.log HTMLManager: list: Listing contexts for virtual host 'localhost'
28-Oct-2023 20:44:50.070 INFO [http-nio-8070-exec-6] org.apache.catalina.core.ApplicationContext.log HTMLManager: stop: Stopping web application '/demo_2'
28-Oct-2023 20:44:50.117 INFO [http-nio-8070-exec-6] org.apache.catalina.core.ApplicationContext.log HTMLManager: list: Listing contexts for virtual host 'localhost'
28-Oct-2023 20:44:51.623 INFO [http-nio-8070-exec-9] org.apache.catalina.core.ApplicationContext.log HTMLManager: undeploy: Undeploying web application at '/demo_2'
28-Oct-2023 20:44:52.238 INFO [http-nio-8070-exec-9] org.apache.catalina.core.ApplicationContext.log HTMLManager: list: Listing contexts for virtual host 'localhost'
28-Oct-2023 20:44:56.678 INFO [http-nio-8070-exec-3] org.apache.catalina.core.ApplicationContext.log HTMLManager: undeploy: Undeploying web application at '/demo-0.0.1-SNAPSHOT'
28-Oct-2023 20:44:57.330 INFO [http-nio-8070-exec-3] org.apache.catalina.core.ApplicationContext.log HTMLManager: list: Listing contexts for virtual host 'localhost'
28-Oct-2023 20:45:13.355 INFO [http-nio-8070-exec-5] org.apache.catalina.core.ApplicationContext.log HTMLManager: list: Listing contexts for virtual host 'localhost'
28-Oct-2023 22:09:46.271 INFO [http-nio-8070-exec-14] org.apache.catalina.core.ApplicationContext.log HTMLManager: init: Associated with Deployer 'Catalina:type=Deployer,host=localhost'
28-Oct-2023 22:09:46.272 INFO [http-nio-8070-exec-14] org.apache.catalina.core.ApplicationContext.log HTMLManager: init: Global resources are available
28-Oct-2023 22:09:46.284 INFO [http-nio-8070-exec-14] org.apache.catalina.core.ApplicationContext.log HTMLManager: list: Listing contexts for virtual host 'localhost'
28-Oct-2023 22:10:25.635 INFO [http-nio-8070-exec-13] org.apache.catalina.core.ApplicationContext.log HTMLManager: list: Listing contexts for virtual host 'localhost'
28-Oct-2023 22:11:13.277 INFO [http-nio-8070-exec-11] org.apache.catalina.core.ApplicationContext.log HTMLManager: list: Listing contexts for virtual host 'localhost'
28-Oct-2023 22:12:33.955 INFO [http-nio-8070-exec-17] org.apache.catalina.core.ApplicationContext.log HTMLManager: list: Listing contexts for virtual host 'localhost'
28-Oct-2023 22:12:52.074 INFO [http-nio-8070-exec-18] org.apache.catalina.core.ApplicationContext.log HTMLManager: list: Listing contexts for virtual host 'localhost'
28-Oct-2023 22:13:42.979 INFO [http-nio-8070-exec-15] org.apache.catalina.core.ApplicationContext.log HTMLManager: list: Listing contexts for virtual host 'localhost'
28-Oct-2023 22:14:13.382 INFO [http-nio-8070-exec-11] org.apache.catalina.core.ApplicationContext.log HTMLManager: list: Listing contexts for virtual host 'localhost'
28-Oct-2023 22:15:53.974 INFO [http-nio-8070-exec-14] org.apache.catalina.core.ApplicationContext.log HTMLManager: list: Listing contexts for virtual host 'localhost'
28-Oct-2023 22:15:58.317 INFO [http-nio-8070-exec-19] org.apache.catalina.core.ApplicationContext.log HTMLManager: restart: Reloading web application '/spring-mvc-example'
28-Oct-2023 22:16:01.398 INFO [http-nio-8070-exec-19] org.apache.catalina.core.ApplicationContext.log HTMLManager: list: Listing contexts for virtual host 'localhost'
28-Oct-2023 22:16:21.133 INFO [http-nio-8070-exec-20] org.apache.catalina.core.ApplicationContext.log HTMLManager: stop: Stopping web application '/spring-mvc-example-2'
28-Oct-2023 22:16:21.144 INFO [http-nio-8070-exec-20] org.apache.catalina.core.ApplicationContext.log HTMLManager: list: Listing contexts for virtual host 'localhost'
28-Oct-2023 22:16:22.924 INFO [http-nio-8070-exec-21] org.apache.catalina.core.ApplicationContext.log HTMLManager: restart: Reloading web application '/spring-mvc-example'
28-Oct-2023 22:16:25.948 INFO [http-nio-8070-exec-21] org.apache.catalina.core.ApplicationContext.log HTMLManager: list: Listing contexts for virtual host 'localhost'
28-Oct-2023 22:18:37.057 INFO [http-nio-8070-exec-27] org.apache.catalina.core.ApplicationContext.log HTMLManager: list: Listing contexts for virtual host 'localhost'
28-Oct-2023 22:18:40.592 INFO [http-nio-8070-exec-29] org.apache.catalina.core.ApplicationContext.log HTMLManager: undeploy: Undeploying web application at '/spring-mvc-example'
28-Oct-2023 22:18:41.148 INFO [http-nio-8070-exec-29] org.apache.catalina.core.ApplicationContext.log HTMLManager: list: Listing contexts for virtual host 'localhost'
28-Oct-2023 22:18:42.761 INFO [http-nio-8070-exec-16] org.apache.catalina.core.ApplicationContext.log HTMLManager: undeploy: Undeploying web application at '/spring-mvc-example-2'
28-Oct-2023 22:18:43.324 INFO [http-nio-8070-exec-16] org.apache.catalina.core.ApplicationContext.log HTMLManager: list: Listing contexts for virtual host 'localhost'
28-Oct-2023 22:18:54.454 INFO [http-nio-8070-exec-26] org.apache.catalina.core.ApplicationContext.log HTMLManager: list: Listing contexts for virtual host 'localhost'
28-Oct-2023 22:19:14.771 INFO [http-nio-8070-exec-30] org.apache.catalina.core.ApplicationContext.log HTMLManager: restart: Reloading web application '/spring-mvc-example'
28-Oct-2023 22:19:17.769 INFO [http-nio-8070-exec-30] org.apache.catalina.core.ApplicationContext.log HTMLManager: list: Listing contexts for virtual host 'localhost'
28-Oct-2023 22:30:03.277 INFO [http-nio-8070-exec-12] org.apache.catalina.core.ApplicationContext.log HTMLManager: init: Associated with Deployer 'Catalina:type=Deployer,host=localhost'
28-Oct-2023 22:30:03.277 INFO [http-nio-8070-exec-12] org.apache.catalina.core.ApplicationContext.log HTMLManager: init: Global resources are available
28-Oct-2023 22:30:03.292 INFO [http-nio-8070-exec-12] org.apache.catalina.core.ApplicationContext.log HTMLManager: list: Listing contexts for virtual host 'localhost'
28-Oct-2023 22:30:16.936 INFO [http-nio-8070-exec-1] org.apache.catalina.core.ApplicationContext.log HTMLManager: list: Listing contexts for virtual host 'localhost'
28-Oct-2023 22:30:27.462 INFO [http-nio-8070-exec-7] org.apache.catalina.core.ApplicationContext.log HTMLManager: list: Listing contexts for virtual host 'localhost'
28-Oct-2023 22:31:16.144 INFO [http-nio-8070-exec-13] org.apache.catalina.core.ApplicationContext.log HTMLManager: list: Listing contexts for virtual host 'localhost'
